# JRE version: OpenJDK Runtime Environment GraalVM CE 22.3.0 (17.0.5+8) (build 17.0.5+8-jvmci-22.3-b08)
# Java VM: OpenJDK 64-Bit Server VM GraalVM CE 22.3.0 (17.0.5+8-jvmci-22.3-b08, mixed mode, sharing, tiered, jvmci, jvmci compiler, compressed oops, compressed class ptrs, parallel gc, linux-amd64)
GC Precious Log:
 CPUs: 8 total, 1 available
 Memory: 1024M
 Large Page Support: Disabled
 NUMA Support: Disabled
 Compressed Oops: Enabled (32-bit)
 Alignments: Space 512K, Generation 512K, Heap 2M
 Heap Min Capacity: 100M
 Heap Initial Capacity: 100M
 Heap Max Capacity: 512M
 Pre-touch: Disabled
 Parallel Workers: 1
Heap:
 PSYoungGen      total 55808K, used 25088K [0x00000000f5580000, 0x00000000fab00000, 0x0000000100000000)
  eden space 25088K, 100% used [0x00000000f5580000,0x00000000f6e00000,0x00000000f6e00000)
  from space 30720K, 0% used [0x00000000f6e00000,0x00000000f6e00000,0x00000000f8c00000)
  to   space 13824K, 0% used [0x00000000f8c00000,0x00000000f8c00000,0x00000000f9980000)
 ParOldGen       total 349696K, used 349695K [0x00000000e0000000, 0x00000000f5580000, 0x00000000f5580000)
  object space 349696K, 99% used [0x00000000e0000000,0x00000000f557fff0,0x00000000f5580000)
 Metaspace       used 57162K, committed 58176K, reserved 1105920K
  class space    used 5403K, committed 5888K, reserved 1048576K
GC Heap History (20 events):
Event: 1016.011 GC heap before
{Heap before GC invocations=720 (full 637):
 PSYoungGen      total 55808K, used 25087K [0x00000000f5580000, 0x00000000fab00000, 0x0000000100000000)
  eden space 25088K, 99% used [0x00000000f5580000,0x00000000f6dffff8,0x00000000f6e00000)
  from space 30720K, 0% used [0x00000000f6e00000,0x00000000f6e00000,0x00000000f8c00000)
  to   space 13824K, 0% used [0x00000000f8c00000,0x00000000f8c00000,0x00000000f9980000)
 ParOldGen       total 349696K, used 349694K [0x00000000e0000000, 0x00000000f5580000, 0x00000000f5580000)
  object space 349696K, 99% used [0x00000000e0000000,0x00000000f557f8f8,0x00000000f5580000)
 Metaspace       used 57162K, committed 58176K, reserved 1105920K
  class space    used 5403K, committed 5888K, reserved 1048576K
}
Event: 1017.287 GC heap after
{Heap after GC invocations=720 (full 637):
 PSYoungGen      total 38912K, used 25087K [0x00000000f5580000, 0x00000000fab00000, 0x0000000100000000)
  eden space 25088K, 99% used [0x00000000f5580000,0x00000000f6dffff8,0x00000000f6e00000)
  from space 13824K, 0% used [0x00000000f8c00000,0x00000000f8c00000,0x00000000f9980000)
  to   space 30720K, 0% used [0x00000000f6e00000,0x00000000f6e00000,0x00000000f8c00000)
 ParOldGen       total 349696K, used 349694K [0x00000000e0000000, 0x00000000f5580000, 0x00000000f5580000)
  object space 349696K, 99% used [0x00000000e0000000,0x00000000f557f8d8,0x00000000f5580000)
 Metaspace       used 57162K, committed 58176K, reserved 1105920K
  class space    used 5403K, committed 5888K, reserved 1048576K
}
Event: 1017.287 GC heap before
{Heap before GC invocations=721 (full 638):
 PSYoungGen      total 38912K, used 25087K [0x00000000f5580000, 0x00000000fab00000, 0x0000000100000000)
  eden space 25088K, 99% used [0x00000000f5580000,0x00000000f6dffff8,0x00000000f6e00000)
  from space 13824K, 0% used [0x00000000f8c00000,0x00000000f8c00000,0x00000000f9980000)
  to   space 30720K, 0% used [0x00000000f6e00000,0x00000000f6e00000,0x00000000f8c00000)
 ParOldGen       total 349696K, used 349695K [0x00000000e0000000, 0x00000000f5580000, 0x00000000f5580000)
  object space 349696K, 99% used [0x00000000e0000000,0x00000000f557ffb8,0x00000000f5580000)
 Metaspace       used 57162K, committed 58176K, reserved 1105920K
  class space    used 5403K, committed 5888K, reserved 1048576K
}
Event: 1018.544 GC heap after
{Heap after GC invocations=721 (full 638):
 PSYoungGen      total 55808K, used 25087K [0x00000000f5580000, 0x00000000fab00000, 0x0000000100000000)
  eden space 25088K, 99% used [0x00000000f5580000,0x00000000f6dfffd8,0x00000000f6e00000)
  from space 30720K, 0% used [0x00000000f6e00000,0x00000000f6e00000,0x00000000f8c00000)
  to   space 13824K, 0% used [0x00000000f8c00000,0x00000000f8c00000,0x00000000f9980000)
 ParOldGen       total 349696K, used 349695K [0x00000000e0000000, 0x00000000f5580000, 0x00000000f5580000)
  object space 349696K, 99% used [0x00000000e0000000,0x00000000f557ffb8,0x00000000f5580000)
 Metaspace       used 57162K, committed 58176K, reserved 1105920K
  class space    used 5403K, committed 5888K, reserved 1048576K
}
Event: 1018.546 GC heap before
{Heap before GC invocations=722 (full 639):
 PSYoungGen      total 55808K, used 25087K [0x00000000f5580000, 0x00000000fab00000, 0x0000000100000000)
  eden space 25088K, 99% used [0x00000000f5580000,0x00000000f6dffff8,0x00000000f6e00000)
  from space 30720K, 0% used [0x00000000f6e00000,0x00000000f6e00000,0x00000000f8c00000)
  to   space 13824K, 0% used [0x00000000f8c00000,0x00000000f8c00000,0x00000000f9980000)
 ParOldGen       total 349696K, used 349695K [0x00000000e0000000, 0x00000000f5580000, 0x00000000f5580000)
  object space 349696K, 99% used [0x00000000e0000000,0x00000000f557ffb8,0x00000000f5580000)
 Metaspace       used 57162K, committed 58176K, reserved 1105920K
  class space    used 5403K, committed 5888K, reserved 1048576K
}
Event: 1020.105 GC heap after
{Heap after GC invocations=722 (full 639):
 PSYoungGen      total 38912K, used 25087K [0x00000000f5580000, 0x00000000fab00000, 0x0000000100000000)
  eden space 25088K, 99% used [0x00000000f5580000,0x00000000f6dffff8,0x00000000f6e00000)
  from space 13824K, 0% used [0x00000000f8c00000,0x00000000f8c00000,0x00000000f9980000)
  to   space 30720K, 0% used [0x00000000f6e00000,0x00000000f6e00000,0x00000000f8c00000)
 ParOldGen       total 349696K, used 349695K [0x00000000e0000000, 0x00000000f5580000, 0x00000000f5580000)
  object space 349696K, 99% used [0x00000000e0000000,0x00000000f557ffb8,0x00000000f5580000)
 Metaspace       used 57162K, committed 58176K, reserved 1105920K
  class space    used 5403K, committed 5888K, reserved 1048576K
}
Event: 1020.105 GC heap before
{Heap before GC invocations=723 (full 640):
 PSYoungGen      total 38912K, used 25087K [0x00000000f5580000, 0x00000000fab00000, 0x0000000100000000)
  eden space 25088K, 99% used [0x00000000f5580000,0x00000000f6dffff8,0x00000000f6e00000)
  from space 13824K, 0% used [0x00000000f8c00000,0x00000000f8c00000,0x00000000f9980000)
  to   space 30720K, 0% used [0x00000000f6e00000,0x00000000f6e00000,0x00000000f8c00000)
 ParOldGen       total 349696K, used 349695K [0x00000000e0000000, 0x00000000f5580000, 0x00000000f5580000)
  object space 349696K, 99% used [0x00000000e0000000,0x00000000f557fff0,0x00000000f5580000)
 Metaspace       used 57162K, committed 58176K, reserved 1105920K
  class space    used 5403K, committed 5888K, reserved 1048576K
}
Event: 1021.205 GC heap after
{Heap after GC invocations=723 (full 640):
 PSYoungGen      total 55808K, used 25087K [0x00000000f5580000, 0x00000000fab00000, 0x0000000100000000)
  eden space 25088K, 99% used [0x00000000f5580000,0x00000000f6dffff8,0x00000000f6e00000)
  from space 30720K, 0% used [0x00000000f6e00000,0x00000000f6e00000,0x00000000f8c00000)
  to   space 13824K, 0% used [0x00000000f8c00000,0x00000000f8c00000,0x00000000f9980000)
 ParOldGen       total 349696K, used 349695K [0x00000000e0000000, 0x00000000f5580000, 0x00000000f5580000)
  object space 349696K, 99% used [0x00000000e0000000,0x00000000f557fff0,0x00000000f5580000)
 Metaspace       used 57162K, committed 58176K, reserved 1105920K
  class space    used 5403K, committed 5888K, reserved 1048576K
}
Event: 1021.205 GC heap before
{Heap before GC invocations=724 (full 641):
 PSYoungGen      total 55808K, used 25087K [0x00000000f5580000, 0x00000000fab00000, 0x0000000100000000)
  eden space 25088K, 99% used [0x00000000f5580000,0x00000000f6dffff8,0x00000000f6e00000)
  from space 30720K, 0% used [0x00000000f6e00000,0x00000000f6e00000,0x00000000f8c00000)
  to   space 13824K, 0% used [0x00000000f8c00000,0x00000000f8c00000,0x00000000f9980000)
 ParOldGen       total 349696K, used 349695K [0x00000000e0000000, 0x00000000f5580000, 0x00000000f5580000)
  object space 349696K, 99% used [0x00000000e0000000,0x00000000f557fff0,0x00000000f5580000)
 Metaspace       used 57162K, committed 58176K, reserved 1105920K
  class space    used 5403K, committed 5888K, reserved 1048576K
}
Event: 1022.383 GC heap after
{Heap after GC invocations=724 (full 641):
 PSYoungGen      total 38912K, used 25087K [0x00000000f5580000, 0x00000000fab00000, 0x0000000100000000)
  eden space 25088K, 99% used [0x00000000f5580000,0x00000000f6dffd78,0x00000000f6e00000)
  from space 13824K, 0% used [0x00000000f8c00000,0x00000000f8c00000,0x00000000f9980000)
  to   space 30720K, 0% used [0x00000000f6e00000,0x00000000f6e00000,0x00000000f8c00000)
 ParOldGen       total 349696K, used 349695K [0x00000000e0000000, 0x00000000f5580000, 0x00000000f5580000)
  object space 349696K, 99% used [0x00000000e0000000,0x00000000f557fff0,0x00000000f5580000)
 Metaspace       used 57162K, committed 58176K, reserved 1105920K
  class space    used 5403K, committed 5888K, reserved 1048576K
}
Event: 1022.386 GC heap before
{Heap before GC invocations=725 (full 642):
 PSYoungGen      total 38912K, used 25088K [0x00000000f5580000, 0x00000000fab00000, 0x0000000100000000)
  eden space 25088K, 100% used [0x00000000f5580000,0x00000000f6e00000,0x00000000f6e00000)
  from space 13824K, 0% used [0x00000000f8c00000,0x00000000f8c00000,0x00000000f9980000)
  to   space 30720K, 0% used [0x00000000f6e00000,0x00000000f6e00000,0x00000000f8c00000)
 ParOldGen       total 349696K, used 349695K [0x00000000e0000000, 0x00000000f5580000, 0x00000000f5580000)
  object space 349696K, 99% used [0x00000000e0000000,0x00000000f557fff0,0x00000000f5580000)
 Metaspace       used 57162K, committed 58176K, reserved 1105920K
  class space    used 5403K, committed 5888K, reserved 1048576K
}
Event: 1023.500 GC heap after
{Heap after GC invocations=725 (full 642):
 PSYoungGen      total 55808K, used 25088K [0x00000000f5580000, 0x00000000fab00000, 0x0000000100000000)
  eden space 25088K, 100% used [0x00000000f5580000,0x00000000f6e00000,0x00000000f6e00000)
  from space 30720K, 0% used [0x00000000f6e00000,0x00000000f6e00000,0x00000000f8c00000)
  to   space 13824K, 0% used [0x00000000f8c00000,0x00000000f8c00000,0x00000000f9980000)
 ParOldGen       total 349696K, used 349695K [0x00000000e0000000, 0x00000000f5580000, 0x00000000f5580000)
  object space 349696K, 99% used [0x00000000e0000000,0x00000000f557fff0,0x00000000f5580000)
 Metaspace       used 57162K, committed 58176K, reserved 1105920K
  class space    used 5403K, committed 5888K, reserved 1048576K
}
Event: 1023.500 GC heap before
{Heap before GC invocations=726 (full 643):
 PSYoungGen      total 55808K, used 25088K [0x00000000f5580000, 0x00000000fab00000, 0x0000000100000000)
  eden space 25088K, 100% used [0x00000000f5580000,0x00000000f6e00000,0x00000000f6e00000)
  from space 30720K, 0% used [0x00000000f6e00000,0x00000000f6e00000,0x00000000f8c00000)
  to   space 13824K, 0% used [0x00000000f8c00000,0x00000000f8c00000,0x00000000f9980000)
 ParOldGen       total 349696K, used 349695K [0x00000000e0000000, 0x00000000f5580000, 0x00000000f5580000)
  object space 349696K, 99% used [0x00000000e0000000,0x00000000f557fff0,0x00000000f5580000)
 Metaspace       used 57162K, committed 58176K, reserved 1105920K
  class space    used 5403K, committed 5888K, reserved 1048576K
}
Event: 1024.867 GC heap after
{Heap after GC invocations=726 (full 643):
 PSYoungGen      total 38912K, used 25088K [0x00000000f5580000, 0x00000000fab00000, 0x0000000100000000)
  eden space 25088K, 100% used [0x00000000f5580000,0x00000000f6e00000,0x00000000f6e00000)
  from space 13824K, 0% used [0x00000000f8c00000,0x00000000f8c00000,0x00000000f9980000)
  to   space 30720K, 0% used [0x00000000f6e00000,0x00000000f6e00000,0x00000000f8c00000)
 ParOldGen       total 349696K, used 349695K [0x00000000e0000000, 0x00000000f5580000, 0x00000000f5580000)
  object space 349696K, 99% used [0x00000000e0000000,0x00000000f557fff0,0x00000000f5580000)
 Metaspace       used 57162K, committed 58176K, reserved 1105920K
  class space    used 5403K, committed 5888K, reserved 1048576K
}
Event: 1024.868 GC heap before
{Heap before GC invocations=727 (full 644):
 PSYoungGen      total 38912K, used 25088K [0x00000000f5580000, 0x00000000fab00000, 0x0000000100000000)
  eden space 25088K, 100% used [0x00000000f5580000,0x00000000f6e00000,0x00000000f6e00000)
  from space 13824K, 0% used [0x00000000f8c00000,0x00000000f8c00000,0x00000000f9980000)
  to   space 30720K, 0% used [0x00000000f6e00000,0x00000000f6e00000,0x00000000f8c00000)
 ParOldGen       total 349696K, used 349696K [0x00000000e0000000, 0x00000000f5580000, 0x00000000f5580000)
  object space 349696K, 100% used [0x00000000e0000000,0x00000000f5580000,0x00000000f5580000)
 Metaspace       used 57162K, committed 58176K, reserved 1105920K
  class space    used 5403K, committed 5888K, reserved 1048576K
}
Event: 1026.188 GC heap after
{Heap after GC invocations=727 (full 644):
 PSYoungGen      total 55808K, used 25088K [0x00000000f5580000, 0x00000000fab00000, 0x0000000100000000)
  eden space 25088K, 100% used [0x00000000f5580000,0x00000000f6e00000,0x00000000f6e00000)
  from space 30720K, 0% used [0x00000000f6e00000,0x00000000f6e00000,0x00000000f8c00000)
  to   space 13824K, 0% used [0x00000000f8c00000,0x00000000f8c00000,0x00000000f9980000)
 ParOldGen       total 349696K, used 349694K [0x00000000e0000000, 0x00000000f5580000, 0x00000000f5580000)
  object space 349696K, 99% used [0x00000000e0000000,0x00000000f557fa10,0x00000000f5580000)
 Metaspace       used 57162K, committed 58176K, reserved 1105920K
  class space    used 5403K, committed 5888K, reserved 1048576K
}
Event: 1026.188 GC heap before
{Heap before GC invocations=728 (full 645):
 PSYoungGen      total 55808K, used 25088K [0x00000000f5580000, 0x00000000fab00000, 0x0000000100000000)
  eden space 25088K, 100% used [0x00000000f5580000,0x00000000f6e00000,0x00000000f6e00000)
  from space 30720K, 0% used [0x00000000f6e00000,0x00000000f6e00000,0x00000000f8c00000)
  to   space 13824K, 0% used [0x00000000f8c00000,0x00000000f8c00000,0x00000000f9980000)
 ParOldGen       total 349696K, used 349694K [0x00000000e0000000, 0x00000000f5580000, 0x00000000f5580000)
  object space 349696K, 99% used [0x00000000e0000000,0x00000000f557fa50,0x00000000f5580000)
 Metaspace       used 57162K, committed 58176K, reserved 1105920K
  class space    used 5403K, committed 5888K, reserved 1048576K
}
Event: 1027.307 GC heap after
{Heap after GC invocations=728 (full 645):
 PSYoungGen      total 38912K, used 25088K [0x00000000f5580000, 0x00000000fab00000, 0x0000000100000000)
  eden space 25088K, 100% used [0x00000000f5580000,0x00000000f6e00000,0x00000000f6e00000)
  from space 13824K, 0% used [0x00000000f8c00000,0x00000000f8c00000,0x00000000f9980000)
  to   space 30720K, 0% used [0x00000000f6e00000,0x00000000f6e00000,0x00000000f8c00000)
 ParOldGen       total 349696K, used 349694K [0x00000000e0000000, 0x00000000f5580000, 0x00000000f5580000)
  object space 349696K, 99% used [0x00000000e0000000,0x00000000f557fa10,0x00000000f5580000)
 Metaspace       used 57162K, committed 58176K, reserved 1105920K
  class space    used 5403K, committed 5888K, reserved 1048576K
}
Event: 1027.307 GC heap before
{Heap before GC invocations=729 (full 646):
 PSYoungGen      total 38912K, used 25088K [0x00000000f5580000, 0x00000000fab00000, 0x0000000100000000)
  eden space 25088K, 100% used [0x00000000f5580000,0x00000000f6e00000,0x00000000f6e00000)
  from space 13824K, 0% used [0x00000000f8c00000,0x00000000f8c00000,0x00000000f9980000)
  to   space 30720K, 0% used [0x00000000f6e00000,0x00000000f6e00000,0x00000000f8c00000)
 ParOldGen       total 349696K, used 349694K [0x00000000e0000000, 0x00000000f5580000, 0x00000000f5580000)
  object space 349696K, 99% used [0x00000000e0000000,0x00000000f557fa10,0x00000000f5580000)
 Metaspace       used 57162K, committed 58176K, reserved 1105920K
  class space    used 5403K, committed 5888K, reserved 1048576K
}
Event: 1028.501 GC heap after
{Heap after GC invocations=729 (full 646):
 PSYoungGen      total 55808K, used 25088K [0x00000000f5580000, 0x00000000fab00000, 0x0000000100000000)
  eden space 25088K, 100% used [0x00000000f5580000,0x00000000f6e00000,0x00000000f6e00000)
  from space 30720K, 0% used [0x00000000f6e00000,0x00000000f6e00000,0x00000000f8c00000)
  to   space 13824K, 0% used [0x00000000f8c00000,0x00000000f8c00000,0x00000000f9980000)
 ParOldGen       total 349696K, used 349694K [0x00000000e0000000, 0x00000000f5580000, 0x00000000f5580000)
  object space 349696K, 99% used [0x00000000e0000000,0x00000000f557fa10,0x00000000f5580000)
 Metaspace       used 57162K, committed 58176K, reserved 1105920K
  class space    used 5403K, committed 5888K, reserved 1048576K
}

